# JRE version: OpenJDK Runtime Environment (21.0.4) (build 21.0.4+-12508038-b607.1)
# Java VM: OpenJDK 64-Bit Server VM (21.0.4+-12508038-b607.1, mixed mode, tiered, compressed oops, compressed class ptrs, g1 gc, windows-amd64)
GC Precious Log:
 CardTable entry size: 512
 Card Set container configuration: InlinePtr #cards 5 size 8 Array Of Cards #cards 12 size 40 Howl #buckets 4 coarsen threshold 1843 Howl Bitmap #cards 512 size 80 coarsen threshold 460 Card regions per heap region 1 cards per card region 2048
 CPUs: 8 total, 8 available
 Memory: 15741M
 Large Page Support: Disabled
 NUMA Support: Disabled
 Compressed Oops: Enabled (32-bit)
 Heap Region Size: 1M
 Heap Min Capacity: 8M
 Heap Initial Capacity: 246M
 Heap Max Capacity: 2G
 Pre-touch: Disabled
 Parallel Workers: 8
 Concurrent Workers: 2
 Concurrent Refinement Workers: 8
 Periodic GC: Disabled
Heap:
 garbage-first heap   total 460800K, used 356245K [0x0000000080000000, 0x0000000100000000)
  region size 1024K, 108 young (110592K), 18 survivors (18432K)
 Metaspace       used 211503K, committed 213888K, reserved 1245184K
  class space    used 26248K, committed 27776K, reserved 1048576K
GC Heap History (20 events):
Event: 176.407 GC heap before
{Heap before GC invocations=83 (full 0):
 garbage-first heap   total 421888K, used 383827K [0x0000000080000000, 0x0000000100000000)
  region size 1024K, 143 young (146432K), 14 survivors (14336K)
 Metaspace       used 207504K, committed 210368K, reserved 1245184K
  class space    used 26239K, committed 27712K, reserved 1048576K
}
Event: 176.432 GC heap after
{Heap after GC invocations=84 (full 0):
 garbage-first heap   total 421888K, used 254830K [0x0000000080000000, 0x0000000100000000)
  region size 1024K, 13 young (13312K), 13 survivors (13312K)
 Metaspace       used 207504K, committed 210368K, reserved 1245184K
  class space    used 26239K, committed 27712K, reserved 1048576K
}
Event: 187.984 GC heap before
{Heap before GC invocations=84 (full 0):
 garbage-first heap   total 421888K, used 383854K [0x0000000080000000, 0x0000000100000000)
  region size 1024K, 140 young (143360K), 13 survivors (13312K)
 Metaspace       used 208074K, committed 210880K, reserved 1245184K
  class space    used 26261K, committed 27712K, reserved 1048576K
}
Event: 187.996 GC heap after
{Heap after GC invocations=85 (full 0):
 garbage-first heap   total 421888K, used 255260K [0x0000000080000000, 0x0000000100000000)
  region size 1024K, 7 young (7168K), 7 survivors (7168K)
 Metaspace       used 208074K, committed 210880K, reserved 1245184K
  class space    used 26261K, committed 27712K, reserved 1048576K
}
Event: 199.626 GC heap before
{Heap before GC invocations=86 (full 0):
 garbage-first heap   total 424960K, used 389404K [0x0000000080000000, 0x0000000100000000)
  region size 1024K, 140 young (143360K), 7 survivors (7168K)
 Metaspace       used 208501K, committed 211392K, reserved 1245184K
  class space    used 26264K, committed 27712K, reserved 1048576K
}
Event: 199.657 GC heap after
{Heap after GC invocations=87 (full 0):
 garbage-first heap   total 424960K, used 252995K [0x0000000080000000, 0x0000000100000000)
  region size 1024K, 6 young (6144K), 6 survivors (6144K)
 Metaspace       used 208501K, committed 211392K, reserved 1245184K
  class space    used 26264K, committed 27712K, reserved 1048576K
}
Event: 306.133 GC heap before
{Heap before GC invocations=87 (full 0):
 garbage-first heap   total 424960K, used 394307K [0x0000000080000000, 0x0000000100000000)
  region size 1024K, 145 young (148480K), 6 survivors (6144K)
 Metaspace       used 208900K, committed 211776K, reserved 1245184K
  class space    used 26272K, committed 27712K, reserved 1048576K
}
Event: 306.144 GC heap after
{Heap after GC invocations=88 (full 0):
 garbage-first heap   total 424960K, used 234226K [0x0000000080000000, 0x0000000100000000)
  region size 1024K, 6 young (6144K), 6 survivors (6144K)
 Metaspace       used 208900K, committed 211776K, reserved 1245184K
  class space    used 26272K, committed 27712K, reserved 1048576K
}
Event: 1266.636 GC heap before
{Heap before GC invocations=88 (full 0):
 garbage-first heap   total 424960K, used 394994K [0x0000000080000000, 0x0000000100000000)
  region size 1024K, 164 young (167936K), 6 survivors (6144K)
 Metaspace       used 209340K, committed 212224K, reserved 1245184K
  class space    used 26284K, committed 27776K, reserved 1048576K
}
Event: 1266.643 GC heap after
{Heap after GC invocations=89 (full 0):
 garbage-first heap   total 424960K, used 234195K [0x0000000080000000, 0x0000000100000000)
  region size 1024K, 6 young (6144K), 6 survivors (6144K)
 Metaspace       used 209340K, committed 212224K, reserved 1245184K
  class space    used 26284K, committed 27776K, reserved 1048576K
}
Event: 7679.584 GC heap before
{Heap before GC invocations=90 (full 0):
 garbage-first heap   total 424960K, used 394963K [0x0000000080000000, 0x0000000100000000)
  region size 1024K, 164 young (167936K), 6 survivors (6144K)
 Metaspace       used 209549K, committed 212416K, reserved 1245184K
  class space    used 26295K, committed 27776K, reserved 1048576K
}
Event: 7679.694 GC heap after
{Heap after GC invocations=91 (full 0):
 garbage-first heap   total 424960K, used 237373K [0x0000000080000000, 0x0000000100000000)
  region size 1024K, 9 young (9216K), 9 survivors (9216K)
 Metaspace       used 209549K, committed 212416K, reserved 1245184K
  class space    used 26295K, committed 27776K, reserved 1048576K
}
Event: 7682.035 GC heap before
{Heap before GC invocations=91 (full 0):
 garbage-first heap   total 424960K, used 407357K [0x0000000080000000, 0x0000000100000000)
  region size 1024K, 161 young (164864K), 9 survivors (9216K)
 Metaspace       used 209631K, committed 212544K, reserved 1245184K
  class space    used 26297K, committed 27776K, reserved 1048576K
}
Event: 7682.123 GC heap after
{Heap after GC invocations=92 (full 0):
 garbage-first heap   total 450560K, used 267500K [0x0000000080000000, 0x0000000100000000)
  region size 1024K, 21 young (21504K), 21 survivors (21504K)
 Metaspace       used 209631K, committed 212544K, reserved 1245184K
  class space    used 26297K, committed 27776K, reserved 1048576K
}
Event: 7683.016 GC heap before
{Heap before GC invocations=92 (full 0):
 garbage-first heap   total 450560K, used 297196K [0x0000000080000000, 0x0000000100000000)
  region size 1024K, 51 young (52224K), 21 survivors (21504K)
 Metaspace       used 209702K, committed 212608K, reserved 1245184K
  class space    used 26301K, committed 27776K, reserved 1048576K
}
Event: 7683.052 GC heap after
{Heap after GC invocations=93 (full 0):
 garbage-first heap   total 450560K, used 276307K [0x0000000080000000, 0x0000000100000000)
  region size 1024K, 7 young (7168K), 7 survivors (7168K)
 Metaspace       used 209702K, committed 212608K, reserved 1245184K
  class space    used 26301K, committed 27776K, reserved 1048576K
}
Event: 7685.609 GC heap before
{Heap before GC invocations=94 (full 0):
 garbage-first heap   total 460800K, used 401235K [0x0000000080000000, 0x0000000100000000)
  region size 1024K, 130 young (133120K), 7 survivors (7168K)
 Metaspace       used 206754K, committed 212672K, reserved 1245184K
  class space    used 25453K, committed 27776K, reserved 1048576K
}
Event: 7685.616 GC heap after
{Heap after GC invocations=95 (full 0):
 garbage-first heap   total 460800K, used 266703K [0x0000000080000000, 0x0000000100000000)
  region size 1024K, 6 young (6144K), 6 survivors (6144K)
 Metaspace       used 206754K, committed 212672K, reserved 1245184K
  class space    used 25453K, committed 27776K, reserved 1048576K
}
Event: 7724.620 GC heap before
{Heap before GC invocations=95 (full 0):
 garbage-first heap   total 460800K, used 412111K [0x0000000080000000, 0x0000000100000000)
  region size 1024K, 149 young (152576K), 6 survivors (6144K)
 Metaspace       used 208850K, committed 212736K, reserved 1245184K
  class space    used 25813K, committed 27776K, reserved 1048576K
}
Event: 7724.650 GC heap after
{Heap after GC invocations=96 (full 0):
 garbage-first heap   total 460800K, used 265109K [0x0000000080000000, 0x0000000100000000)
  region size 1024K, 18 young (18432K), 18 survivors (18432K)
 Metaspace       used 208850K, committed 212736K, reserved 1245184K
  class space    used 25813K, committed 27776K, reserved 1048576K
}

